<?xml version="1.0" encoding="UTF-8"?><testrun name="UT_ASR_Calibration" project="ASR_Tests" tests="8" started="4" failures="1" errors="0" ignored="0">
  <testsuite name="com.asr.sab.proc.UT_ASR_Calibration" incomplete="true">
    <testcase name="test_thresholdMatrix_calculation" classname="com.asr.sab.proc.UT_ASR_Calibration" time="0.109"/>
    <testcase name="test_componentActivationCalculation" classname="com.asr.sab.proc.UT_ASR_Calibration" time="0.062">
      <failure>java.lang.AssertionError: expected:&lt;10&gt; but was:&lt;1000&gt;&#13;
	at org.junit.Assert.fail(Assert.java:88)&#13;
	at org.junit.Assert.failNotEquals(Assert.java:834)&#13;
	at org.junit.Assert.assertEquals(Assert.java:645)&#13;
	at org.junit.Assert.assertEquals(Assert.java:631)&#13;
	at utils.TestUtils.assertDeepEquals(TestUtils.java:27)&#13;
	at com.asr.sab.proc.UT_ASR_Calibration.test_componentActivationCalculation(UT_ASR_Calibration.java:72)&#13;
	at sun.reflect.NativeMethodAccessorImpl.invoke0(Native Method)&#13;
	at sun.reflect.NativeMethodAccessorImpl.invoke(Unknown Source)&#13;
	at sun.reflect.DelegatingMethodAccessorImpl.invoke(Unknown Source)&#13;
	at java.lang.reflect.Method.invoke(Unknown Source)&#13;
	at org.junit.runners.model.FrameworkMethod$1.runReflectiveCall(FrameworkMethod.java:50)&#13;
	at org.junit.internal.runners.model.ReflectiveCallable.run(ReflectiveCallable.java:12)&#13;
	at org.junit.runners.model.FrameworkMethod.invokeExplosively(FrameworkMethod.java:47)&#13;
	at org.junit.internal.runners.statements.InvokeMethod.evaluate(InvokeMethod.java:17)&#13;
	at org.junit.internal.runners.statements.RunBefores.evaluate(RunBefores.java:26)&#13;
	at org.junit.internal.runners.statements.RunAfters.evaluate(RunAfters.java:27)&#13;
	at org.junit.runners.ParentRunner.runLeaf(ParentRunner.java:325)&#13;
	at org.junit.runners.BlockJUnit4ClassRunner.runChild(BlockJUnit4ClassRunner.java:78)&#13;
	at org.junit.runners.BlockJUnit4ClassRunner.runChild(BlockJUnit4ClassRunner.java:57)&#13;
	at org.junit.runners.ParentRunner$3.run(ParentRunner.java:290)&#13;
	at org.junit.runners.ParentRunner$1.schedule(ParentRunner.java:71)&#13;
	at org.junit.runners.ParentRunner.runChildren(ParentRunner.java:288)&#13;
	at org.junit.runners.ParentRunner.access$000(ParentRunner.java:58)&#13;
	at org.junit.runners.ParentRunner$2.evaluate(ParentRunner.java:268)&#13;
	at org.junit.runners.ParentRunner.run(ParentRunner.java:363)&#13;
	at org.eclipse.jdt.internal.junit4.runner.JUnit4TestReference.run(JUnit4TestReference.java:86)&#13;
	at org.eclipse.jdt.internal.junit.runner.TestExecution.run(TestExecution.java:38)&#13;
	at org.eclipse.jdt.internal.junit.runner.RemoteTestRunner.runTests(RemoteTestRunner.java:538)&#13;
	at org.eclipse.jdt.internal.junit.runner.RemoteTestRunner.runTests(RemoteTestRunner.java:760)&#13;
	at org.eclipse.jdt.internal.junit.runner.RemoteTestRunner.run(RemoteTestRunner.java:460)&#13;
	at org.eclipse.jdt.internal.junit.runner.RemoteTestRunner.main(RemoteTestRunner.java:206)&#13;
&#13;
</failure>
    </testcase>
    <testcase name="test_sig_calculation" classname="com.asr.sab.proc.UT_ASR_Calibration" time="2.105"/>
    <testcase name="test_RMSCalculation" classname="com.asr.sab.proc.UT_ASR_Calibration" incomplete="true"/>
    <testcase name="test_mu_calculation" classname="com.asr.sab.proc.UT_ASR_Calibration" incomplete="true"/>
    <testcase name="general_calibration_test_M" classname="com.asr.sab.proc.UT_ASR_Calibration" incomplete="true"/>
    <testcase name="general_calibration_test_T" classname="com.asr.sab.proc.UT_ASR_Calibration" incomplete="true"/>
    <testcase name="test_MixingMatrixCalculation" classname="com.asr.sab.proc.UT_ASR_Calibration" incomplete="true"/>
  </testsuite>
</testrun>
